<testsuites id="" name="" tests="130" failures="130" skipped="0" errors="0" time="291.400039">
<testsuite name="e2e\enhanced-library-complete-test.spec.ts" timestamp="2025-11-15T12:06:51.285Z" hostname="chromium" tests="26" failures="26" skipped="0" time="349.985" errors="0">
<testcase name="🏛️ Enhanced Library Management System - Complete Test Suite › 📊 User Tracking Module › should display current patrons in library" classname="e2e\enhanced-library-complete-test.spec.ts" time="14.086">
<failure message="enhanced-library-complete-test.spec.ts:24:5 should display current patrons in library" type="FAILURE">
<![CDATA[  [chromium] › e2e\enhanced-library-complete-test.spec.ts:24:5 › 🏛️ Enhanced Library Management System - Complete Test Suite › 📊 User Tracking Module › should display current patrons in library 

    TimeoutError: page.waitForURL: Timeout 10000ms exceeded.
    =========================== logs ===========================
    waiting for navigation to "/dashboard" until "load"
    ============================================================

      17 |
      18 |     // Wait for dashboard to load
    > 19 |     await page.waitForURL('/dashboard', { timeout: 10000 });
         |                ^
      20 |     await page.waitForLoadState('networkidle');
      21 |   });
      22 |
        at C:\Users\jmbar\Desktop\ALL REPOS\Pia_REPOS\CLMS\Frontend\tests\e2e\enhanced-library-complete-test.spec.ts:19:16

    attachment #1: screenshot (image/png) ──────────────────────────────────────────────────────────
    ..\test-results\e2e-enhanced-library-compl-8bfcf--current-patrons-in-library-chromium\test-failed-1.png
    ────────────────────────────────────────────────────────────────────────────────────────────────

    attachment #2: video (video/webm) ──────────────────────────────────────────────────────────────
    ..\test-results\e2e-enhanced-library-compl-8bfcf--current-patrons-in-library-chromium\video.webm
    ────────────────────────────────────────────────────────────────────────────────────────────────

    Error Context: ..\test-results\e2e-enhanced-library-compl-8bfcf--current-patrons-in-library-chromium\error-context.md
]]>
</failure>
<system-out>
<![CDATA[
[[ATTACHMENT|test-results\e2e-enhanced-library-compl-8bfcf--current-patrons-in-library-chromium\test-failed-1.png]]

[[ATTACHMENT|test-results\e2e-enhanced-library-compl-8bfcf--current-patrons-in-library-chromium\video.webm]]

[[ATTACHMENT|test-results\e2e-enhanced-library-compl-8bfcf--current-patrons-in-library-chromium\error-context.md]]
]]>
</system-out>
</testcase>
<testcase name="🏛️ Enhanced Library Management System - Complete Test Suite › 📊 User Tracking Module › should show patron statistics" classname="e2e\enhanced-library-complete-test.spec.ts" time="14.061">
<failure message="enhanced-library-complete-test.spec.ts:44:5 should show patron statistics" type="FAILURE">
<![CDATA[  [chromium] › e2e\enhanced-library-complete-test.spec.ts:44:5 › 🏛️ Enhanced Library Management System - Complete Test Suite › 📊 User Tracking Module › should show patron statistics 

    TimeoutError: page.waitForURL: Timeout 10000ms exceeded.
    =========================== logs ===========================
    waiting for navigation to "/dashboard" until "load"
    ============================================================

      17 |
      18 |     // Wait for dashboard to load
    > 19 |     await page.waitForURL('/dashboard', { timeout: 10000 });
         |                ^
      20 |     await page.waitForLoadState('networkidle');
      21 |   });
      22 |
        at C:\Users\jmbar\Desktop\ALL REPOS\Pia_REPOS\CLMS\Frontend\tests\e2e\enhanced-library-complete-test.spec.ts:19:16

    attachment #1: screenshot (image/png) ──────────────────────────────────────────────────────────
    ..\test-results\e2e-enhanced-library-compl-5cf79-ould-show-patron-statistics-chromium\test-failed-1.png
    ────────────────────────────────────────────────────────────────────────────────────────────────

    attachment #2: video (video/webm) ──────────────────────────────────────────────────────────────
    ..\test-results\e2e-enhanced-library-compl-5cf79-ould-show-patron-statistics-chromium\video.webm
    ────────────────────────────────────────────────────────────────────────────────────────────────

    Error Context: ..\test-results\e2e-enhanced-library-compl-5cf79-ould-show-patron-statistics-chromium\error-context.md
]]>
</failure>
<system-out>
<![CDATA[
[[ATTACHMENT|test-results\e2e-enhanced-library-compl-5cf79-ould-show-patron-statistics-chromium\test-failed-1.png]]

[[ATTACHMENT|test-results\e2e-enhanced-library-compl-5cf79-ould-show-patron-statistics-chromium\video.webm]]

[[ATTACHMENT|test-results\e2e-enhanced-library-compl-5cf79-ould-show-patron-statistics-chromium\error-context.md]]
]]>
</system-out>
</testcase>
<testcase name="🏛️ Enhanced Library Management System - Complete Test Suite › 📊 User Tracking Module › should filter patrons by purpose" classname="e2e\enhanced-library-complete-test.spec.ts" time="13.976">
<failure message="enhanced-library-complete-test.spec.ts:54:5 should filter patrons by purpose" type="FAILURE">
<![CDATA[  [chromium] › e2e\enhanced-library-complete-test.spec.ts:54:5 › 🏛️ Enhanced Library Management System - Complete Test Suite › 📊 User Tracking Module › should filter patrons by purpose 

    TimeoutError: page.waitForURL: Timeout 10000ms exceeded.
    =========================== logs ===========================
    waiting for navigation to "/dashboard" until "load"
    ============================================================

      17 |
      18 |     // Wait for dashboard to load
    > 19 |     await page.waitForURL('/dashboard', { timeout: 10000 });
         |                ^
      20 |     await page.waitForLoadState('networkidle');
      21 |   });
      22 |
        at C:\Users\jmbar\Desktop\ALL REPOS\Pia_REPOS\CLMS\Frontend\tests\e2e\enhanced-library-complete-test.spec.ts:19:16

    attachment #1: screenshot (image/png) ──────────────────────────────────────────────────────────
    ..\test-results\e2e-enhanced-library-compl-13a88-d-filter-patrons-by-purpose-chromium\test-failed-1.png
    ────────────────────────────────────────────────────────────────────────────────────────────────

    attachment #2: video (video/webm) ──────────────────────────────────────────────────────────────
    ..\test-results\e2e-enhanced-library-compl-13a88-d-filter-patrons-by-purpose-chromium\video.webm
    ────────────────────────────────────────────────────────────────────────────────────────────────

    Error Context: ..\test-results\e2e-enhanced-library-compl-13a88-d-filter-patrons-by-purpose-chromium\error-context.md
]]>
</failure>
<system-out>
<![CDATA[
[[ATTACHMENT|test-results\e2e-enhanced-library-compl-13a88-d-filter-patrons-by-purpose-chromium\test-failed-1.png]]

[[ATTACHMENT|test-results\e2e-enhanced-library-compl-13a88-d-filter-patrons-by-purpose-chromium\video.webm]]

[[ATTACHMENT|test-results\e2e-enhanced-library-compl-13a88-d-filter-patrons-by-purpose-chromium\error-context.md]]
]]>
</system-out>
</testcase>
<testcase name="🏛️ Enhanced Library Management System - Complete Test Suite › 📚 Enhanced Borrowing Flow › should display enhanced borrowing interface" classname="e2e\enhanced-library-complete-test.spec.ts" time="14.165">
<failure message="enhanced-library-complete-test.spec.ts:80:5 should display enhanced borrowing interface" type="FAILURE">
<![CDATA[  [chromium] › e2e\enhanced-library-complete-test.spec.ts:80:5 › 🏛️ Enhanced Library Management System - Complete Test Suite › 📚 Enhanced Borrowing Flow › should display enhanced borrowing interface 

    TimeoutError: page.waitForURL: Timeout 10000ms exceeded.
    =========================== logs ===========================
    waiting for navigation to "/dashboard" until "load"
    ============================================================

      17 |
      18 |     // Wait for dashboard to load
    > 19 |     await page.waitForURL('/dashboard', { timeout: 10000 });
         |                ^
      20 |     await page.waitForLoadState('networkidle');
      21 |   });
      22 |
        at C:\Users\jmbar\Desktop\ALL REPOS\Pia_REPOS\CLMS\Frontend\tests\e2e\enhanced-library-complete-test.spec.ts:19:16

    attachment #1: screenshot (image/png) ──────────────────────────────────────────────────────────
    ..\test-results\e2e-enhanced-library-compl-5b8ec-nhanced-borrowing-interface-chromium\test-failed-1.png
    ────────────────────────────────────────────────────────────────────────────────────────────────

    attachment #2: video (video/webm) ──────────────────────────────────────────────────────────────
    ..\test-results\e2e-enhanced-library-compl-5b8ec-nhanced-borrowing-interface-chromium\video.webm
    ────────────────────────────────────────────────────────────────────────────────────────────────

    Error Context: ..\test-results\e2e-enhanced-library-compl-5b8ec-nhanced-borrowing-interface-chromium\error-context.md
]]>
</failure>
<system-out>
<![CDATA[
[[ATTACHMENT|test-results\e2e-enhanced-library-compl-5b8ec-nhanced-borrowing-interface-chromium\test-failed-1.png]]

[[ATTACHMENT|test-results\e2e-enhanced-library-compl-5b8ec-nhanced-borrowing-interface-chromium\video.webm]]

[[ATTACHMENT|test-results\e2e-enhanced-library-compl-5b8ec-nhanced-borrowing-interface-chromium\error-context.md]]
]]>
</system-out>
</testcase>
<testcase name="🏛️ Enhanced Library Management System - Complete Test Suite › 📚 Enhanced Borrowing Flow › should show material type selection" classname="e2e\enhanced-library-complete-test.spec.ts" time="14.107">
<failure message="enhanced-library-complete-test.spec.ts:93:5 should show material type selection" type="FAILURE">
<![CDATA[  [chromium] › e2e\enhanced-library-complete-test.spec.ts:93:5 › 🏛️ Enhanced Library Management System - Complete Test Suite › 📚 Enhanced Borrowing Flow › should show material type selection 

    TimeoutError: page.waitForURL: Timeout 10000ms exceeded.
    =========================== logs ===========================
    waiting for navigation to "/dashboard" until "load"
    ============================================================

      17 |
      18 |     // Wait for dashboard to load
    > 19 |     await page.waitForURL('/dashboard', { timeout: 10000 });
         |                ^
      20 |     await page.waitForLoadState('networkidle');
      21 |   });
      22 |
        at C:\Users\jmbar\Desktop\ALL REPOS\Pia_REPOS\CLMS\Frontend\tests\e2e\enhanced-library-complete-test.spec.ts:19:16

    attachment #1: screenshot (image/png) ──────────────────────────────────────────────────────────
    ..\test-results\e2e-enhanced-library-compl-33fc4-how-material-type-selection-chromium\test-failed-1.png
    ────────────────────────────────────────────────────────────────────────────────────────────────

    attachment #2: video (video/webm) ──────────────────────────────────────────────────────────────
    ..\test-results\e2e-enhanced-library-compl-33fc4-how-material-type-selection-chromium\video.webm
    ────────────────────────────────────────────────────────────────────────────────────────────────

    Error Context: ..\test-results\e2e-enhanced-library-compl-33fc4-how-material-type-selection-chromium\error-context.md
]]>
</failure>
<system-out>
<![CDATA[
[[ATTACHMENT|test-results\e2e-enhanced-library-compl-33fc4-how-material-type-selection-chromium\test-failed-1.png]]

[[ATTACHMENT|test-results\e2e-enhanced-library-compl-33fc4-how-material-type-selection-chromium\video.webm]]

[[ATTACHMENT|test-results\e2e-enhanced-library-compl-33fc4-how-material-type-selection-chromium\error-context.md]]
]]>
</system-out>
</testcase>
<testcase name="🏛️ Enhanced Library Management System - Complete Test Suite › 📚 Enhanced Borrowing Flow › should calculate due dates based on material type" classname="e2e\enhanced-library-complete-test.spec.ts" time="14.164">
<failure message="enhanced-library-complete-test.spec.ts:115:5 should calculate due dates based on material type" type="FAILURE">
<![CDATA[  [chromium] › e2e\enhanced-library-complete-test.spec.ts:115:5 › 🏛️ Enhanced Library Management System - Complete Test Suite › 📚 Enhanced Borrowing Flow › should calculate due dates based on material type 

    TimeoutError: page.waitForURL: Timeout 10000ms exceeded.
    =========================== logs ===========================
    waiting for navigation to "/dashboard" until "load"
    ============================================================

      17 |
      18 |     // Wait for dashboard to load
    > 19 |     await page.waitForURL('/dashboard', { timeout: 10000 });
         |                ^
      20 |     await page.waitForLoadState('networkidle');
      21 |   });
      22 |
        at C:\Users\jmbar\Desktop\ALL REPOS\Pia_REPOS\CLMS\Frontend\tests\e2e\enhanced-library-complete-test.spec.ts:19:16

    attachment #1: screenshot (image/png) ──────────────────────────────────────────────────────────
    ..\test-results\e2e-enhanced-library-compl-f881a-ates-based-on-material-type-chromium\test-failed-1.png
    ────────────────────────────────────────────────────────────────────────────────────────────────

    attachment #2: video (video/webm) ──────────────────────────────────────────────────────────────
    ..\test-results\e2e-enhanced-library-compl-f881a-ates-based-on-material-type-chromium\video.webm
    ────────────────────────────────────────────────────────────────────────────────────────────────

    Error Context: ..\test-results\e2e-enhanced-library-compl-f881a-ates-based-on-material-type-chromium\error-context.md
]]>
</failure>
<system-out>
<![CDATA[
[[ATTACHMENT|test-results\e2e-enhanced-library-compl-f881a-ates-based-on-material-type-chromium\test-failed-1.png]]

[[ATTACHMENT|test-results\e2e-enhanced-library-compl-f881a-ates-based-on-material-type-chromium\video.webm]]

[[ATTACHMENT|test-results\e2e-enhanced-library-compl-f881a-ates-based-on-material-type-chromium\error-context.md]]
]]>
</system-out>
</testcase>
<testcase name="🏛️ Enhanced Library Management System - Complete Test Suite › 📚 Enhanced Borrowing Flow › should show borrowing policies" classname="e2e\enhanced-library-complete-test.spec.ts" time="13.966">
<failure message="enhanced-library-complete-test.spec.ts:131:5 should show borrowing policies" type="FAILURE">
<![CDATA[  [chromium] › e2e\enhanced-library-complete-test.spec.ts:131:5 › 🏛️ Enhanced Library Management System - Complete Test Suite › 📚 Enhanced Borrowing Flow › should show borrowing policies 

    TimeoutError: page.waitForURL: Timeout 10000ms exceeded.
    =========================== logs ===========================
    waiting for navigation to "/dashboard" until "load"
    ============================================================

      17 |
      18 |     // Wait for dashboard to load
    > 19 |     await page.waitForURL('/dashboard', { timeout: 10000 });
         |                ^
      20 |     await page.waitForLoadState('networkidle');
      21 |   });
      22 |
        at C:\Users\jmbar\Desktop\ALL REPOS\Pia_REPOS\CLMS\Frontend\tests\e2e\enhanced-library-complete-test.spec.ts:19:16

    attachment #1: screenshot (image/png) ──────────────────────────────────────────────────────────
    ..\test-results\e2e-enhanced-library-compl-97d6c-uld-show-borrowing-policies-chromium\test-failed-1.png
    ────────────────────────────────────────────────────────────────────────────────────────────────

    attachment #2: video (video/webm) ──────────────────────────────────────────────────────────────
    ..\test-results\e2e-enhanced-library-compl-97d6c-uld-show-borrowing-policies-chromium\video.webm
    ────────────────────────────────────────────────────────────────────────────────────────────────

    Error Context: ..\test-results\e2e-enhanced-library-compl-97d6c-uld-show-borrowing-policies-chromium\error-context.md
]]>
</failure>
<system-out>
<![CDATA[
[[ATTACHMENT|test-results\e2e-enhanced-library-compl-97d6c-uld-show-borrowing-policies-chromium\test-failed-1.png]]

[[ATTACHMENT|test-results\e2e-enhanced-library-compl-97d6c-uld-show-borrowing-policies-chromium\video.webm]]

[[ATTACHMENT|test-results\e2e-enhanced-library-compl-97d6c-uld-show-borrowing-policies-chromium\error-context.md]]
]]>
</system-out>
</testcase>
<testcase name="🏛️ Enhanced Library Management System - Complete Test Suite › 💰 Overdue Management › should display overdue books dashboard" classname="e2e\enhanced-library-complete-test.spec.ts" time="14.186">
<failure message="enhanced-library-complete-test.spec.ts:144:5 should display overdue books dashboard" type="FAILURE">
<![CDATA[  [chromium] › e2e\enhanced-library-complete-test.spec.ts:144:5 › 🏛️ Enhanced Library Management System - Complete Test Suite › 💰 Overdue Management › should display overdue books dashboard 

    TimeoutError: page.waitForURL: Timeout 10000ms exceeded.
    =========================== logs ===========================
    waiting for navigation to "/dashboard" until "load"
    ============================================================

      17 |
      18 |     // Wait for dashboard to load
    > 19 |     await page.waitForURL('/dashboard', { timeout: 10000 });
         |                ^
      20 |     await page.waitForLoadState('networkidle');
      21 |   });
      22 |
        at C:\Users\jmbar\Desktop\ALL REPOS\Pia_REPOS\CLMS\Frontend\tests\e2e\enhanced-library-complete-test.spec.ts:19:16

    attachment #1: screenshot (image/png) ──────────────────────────────────────────────────────────
    ..\test-results\e2e-enhanced-library-compl-f72c5-lay-overdue-books-dashboard-chromium\test-failed-1.png
    ────────────────────────────────────────────────────────────────────────────────────────────────

    attachment #2: video (video/webm) ──────────────────────────────────────────────────────────────
    ..\test-results\e2e-enhanced-library-compl-f72c5-lay-overdue-books-dashboard-chromium\video.webm
    ────────────────────────────────────────────────────────────────────────────────────────────────

    Error Context: ..\test-results\e2e-enhanced-library-compl-f72c5-lay-overdue-books-dashboard-chromium\error-context.md
]]>
</failure>
<system-out>
<![CDATA[
[[ATTACHMENT|test-results\e2e-enhanced-library-compl-f72c5-lay-overdue-books-dashboard-chromium\test-failed-1.png]]

[[ATTACHMENT|test-results\e2e-enhanced-library-compl-f72c5-lay-overdue-books-dashboard-chromium\video.webm]]

[[ATTACHMENT|test-results\e2e-enhanced-library-compl-f72c5-lay-overdue-books-dashboard-chromium\error-context.md]]
]]>
</system-out>
</testcase>
<testcase name="🏛️ Enhanced Library Management System - Complete Test Suite › 💰 Overdue Management › should show grade-based fine calculation" classname="e2e\enhanced-library-complete-test.spec.ts" time="12.603">
<failure message="enhanced-library-complete-test.spec.ts:156:5 should show grade-based fine calculation" type="FAILURE">
<![CDATA[  [chromium] › e2e\enhanced-library-complete-test.spec.ts:156:5 › 🏛️ Enhanced Library Management System - Complete Test Suite › 💰 Overdue Management › should show grade-based fine calculation 

    TimeoutError: page.waitForURL: Timeout 10000ms exceeded.
    =========================== logs ===========================
    waiting for navigation to "/dashboard" until "load"
    ============================================================

      17 |
      18 |     // Wait for dashboard to load
    > 19 |     await page.waitForURL('/dashboard', { timeout: 10000 });
         |                ^
      20 |     await page.waitForLoadState('networkidle');
      21 |   });
      22 |
        at C:\Users\jmbar\Desktop\ALL REPOS\Pia_REPOS\CLMS\Frontend\tests\e2e\enhanced-library-complete-test.spec.ts:19:16

    attachment #1: screenshot (image/png) ──────────────────────────────────────────────────────────
    ..\test-results\e2e-enhanced-library-compl-e03db-rade-based-fine-calculation-chromium\test-failed-1.png
    ────────────────────────────────────────────────────────────────────────────────────────────────

    attachment #2: video (video/webm) ──────────────────────────────────────────────────────────────
    ..\test-results\e2e-enhanced-library-compl-e03db-rade-based-fine-calculation-chromium\video.webm
    ────────────────────────────────────────────────────────────────────────────────────────────────

    Error Context: ..\test-results\e2e-enhanced-library-compl-e03db-rade-based-fine-calculation-chromium\error-context.md
]]>
</failure>
<system-out>
<![CDATA[
[[ATTACHMENT|test-results\e2e-enhanced-library-compl-e03db-rade-based-fine-calculation-chromium\test-failed-1.png]]

[[ATTACHMENT|test-results\e2e-enhanced-library-compl-e03db-rade-based-fine-calculation-chromium\video.webm]]

[[ATTACHMENT|test-results\e2e-enhanced-library-compl-e03db-rade-based-fine-calculation-chromium\error-context.md]]
]]>
</system-out>
</testcase>
<testcase name="🏛️ Enhanced Library Management System - Complete Test Suite › 💰 Overdue Management › should display overdue book list" classname="e2e\enhanced-library-complete-test.spec.ts" time="14.347">
<failure message="enhanced-library-complete-test.spec.ts:167:5 should display overdue book list" type="FAILURE">
<![CDATA[  [chromium] › e2e\enhanced-library-complete-test.spec.ts:167:5 › 🏛️ Enhanced Library Management System - Complete Test Suite › 💰 Overdue Management › should display overdue book list 

    TimeoutError: page.waitForURL: Timeout 10000ms exceeded.
    =========================== logs ===========================
    waiting for navigation to "/dashboard" until "load"
    ============================================================

      17 |
      18 |     // Wait for dashboard to load
    > 19 |     await page.waitForURL('/dashboard', { timeout: 10000 });
         |                ^
      20 |     await page.waitForLoadState('networkidle');
      21 |   });
      22 |
        at C:\Users\jmbar\Desktop\ALL REPOS\Pia_REPOS\CLMS\Frontend\tests\e2e\enhanced-library-complete-test.spec.ts:19:16

    attachment #1: screenshot (image/png) ──────────────────────────────────────────────────────────
    ..\test-results\e2e-enhanced-library-compl-d7c44-d-display-overdue-book-list-chromium\test-failed-1.png
    ────────────────────────────────────────────────────────────────────────────────────────────────

    attachment #2: video (video/webm) ──────────────────────────────────────────────────────────────
    ..\test-results\e2e-enhanced-library-compl-d7c44-d-display-overdue-book-list-chromium\video.webm
    ────────────────────────────────────────────────────────────────────────────────────────────────

    Error Context: ..\test-results\e2e-enhanced-library-compl-d7c44-d-display-overdue-book-list-chromium\error-context.md
]]>
</failure>
<system-out>
<![CDATA[
[[ATTACHMENT|test-results\e2e-enhanced-library-compl-d7c44-d-display-overdue-book-list-chromium\test-failed-1.png]]

[[ATTACHMENT|test-results\e2e-enhanced-library-compl-d7c44-d-display-overdue-book-list-chromium\video.webm]]

[[ATTACHMENT|test-results\e2e-enhanced-library-compl-d7c44-d-display-overdue-book-list-chromium\error-context.md]]
]]>
</system-out>
</testcase>
<testcase name="🏛️ Enhanced Library Management System - Complete Test Suite › 💰 Overdue Management › should show payment options" classname="e2e\enhanced-library-complete-test.spec.ts" time="14.457">
<failure message="enhanced-library-complete-test.spec.ts:180:5 should show payment options" type="FAILURE">
<![CDATA[  [chromium] › e2e\enhanced-library-complete-test.spec.ts:180:5 › 🏛️ Enhanced Library Management System - Complete Test Suite › 💰 Overdue Management › should show payment options 

    TimeoutError: page.waitForURL: Timeout 10000ms exceeded.
    =========================== logs ===========================
    waiting for navigation to "/dashboard" until "load"
    ============================================================

      17 |
      18 |     // Wait for dashboard to load
    > 19 |     await page.waitForURL('/dashboard', { timeout: 10000 });
         |                ^
      20 |     await page.waitForLoadState('networkidle');
      21 |   });
      22 |
        at C:\Users\jmbar\Desktop\ALL REPOS\Pia_REPOS\CLMS\Frontend\tests\e2e\enhanced-library-complete-test.spec.ts:19:16

    attachment #1: screenshot (image/png) ──────────────────────────────────────────────────────────
    ..\test-results\e2e-enhanced-library-compl-b6297-should-show-payment-options-chromium\test-failed-1.png
    ────────────────────────────────────────────────────────────────────────────────────────────────

    attachment #2: video (video/webm) ──────────────────────────────────────────────────────────────
    ..\test-results\e2e-enhanced-library-compl-b6297-should-show-payment-options-chromium\video.webm
    ────────────────────────────────────────────────────────────────────────────────────────────────

    Error Context: ..\test-results\e2e-enhanced-library-compl-b6297-should-show-payment-options-chromium\error-context.md
]]>
</failure>
<system-out>
<![CDATA[
[[ATTACHMENT|test-results\e2e-enhanced-library-compl-b6297-should-show-payment-options-chromium\test-failed-1.png]]

[[ATTACHMENT|test-results\e2e-enhanced-library-compl-b6297-should-show-payment-options-chromium\video.webm]]

[[ATTACHMENT|test-results\e2e-enhanced-library-compl-b6297-should-show-payment-options-chromium\error-context.md]]
]]>
</system-out>
</testcase>
<testcase name="🏛️ Enhanced Library Management System - Complete Test Suite › 📈 Library Analytics › should display analytics dashboard" classname="e2e\enhanced-library-complete-test.spec.ts" time="13.036">
<failure message="enhanced-library-complete-test.spec.ts:193:5 should display analytics dashboard" type="FAILURE">
<![CDATA[  [chromium] › e2e\enhanced-library-complete-test.spec.ts:193:5 › 🏛️ Enhanced Library Management System - Complete Test Suite › 📈 Library Analytics › should display analytics dashboard 

    TimeoutError: page.waitForURL: Timeout 10000ms exceeded.
    =========================== logs ===========================
    waiting for navigation to "/dashboard" until "load"
    ============================================================

      17 |
      18 |     // Wait for dashboard to load
    > 19 |     await page.waitForURL('/dashboard', { timeout: 10000 });
         |                ^
      20 |     await page.waitForLoadState('networkidle');
      21 |   });
      22 |
        at C:\Users\jmbar\Desktop\ALL REPOS\Pia_REPOS\CLMS\Frontend\tests\e2e\enhanced-library-complete-test.spec.ts:19:16

    attachment #1: screenshot (image/png) ──────────────────────────────────────────────────────────
    ..\test-results\e2e-enhanced-library-compl-6ec99-display-analytics-dashboard-chromium\test-failed-1.png
    ────────────────────────────────────────────────────────────────────────────────────────────────

    attachment #2: video (video/webm) ──────────────────────────────────────────────────────────────
    ..\test-results\e2e-enhanced-library-compl-6ec99-display-analytics-dashboard-chromium\video.webm
    ────────────────────────────────────────────────────────────────────────────────────────────────

    Error Context: ..\test-results\e2e-enhanced-library-compl-6ec99-display-analytics-dashboard-chromium\error-context.md
]]>
</failure>
<system-out>
<![CDATA[
[[ATTACHMENT|test-results\e2e-enhanced-library-compl-6ec99-display-analytics-dashboard-chromium\test-failed-1.png]]

[[ATTACHMENT|test-results\e2e-enhanced-library-compl-6ec99-display-analytics-dashboard-chromium\video.webm]]

[[ATTACHMENT|test-results\e2e-enhanced-library-compl-6ec99-display-analytics-dashboard-chromium\error-context.md]]
]]>
</system-out>
</testcase>
<testcase name="🏛️ Enhanced Library Management System - Complete Test Suite › 📈 Library Analytics › should show top users ranking" classname="e2e\enhanced-library-complete-test.spec.ts" time="14.82">
<failure message="enhanced-library-complete-test.spec.ts:205:5 should show top users ranking" type="FAILURE">
<![CDATA[  [chromium] › e2e\enhanced-library-complete-test.spec.ts:205:5 › 🏛️ Enhanced Library Management System - Complete Test Suite › 📈 Library Analytics › should show top users ranking 

    TimeoutError: page.waitForURL: Timeout 10000ms exceeded.
    =========================== logs ===========================
    waiting for navigation to "/dashboard" until "load"
    ============================================================

      17 |
      18 |     // Wait for dashboard to load
    > 19 |     await page.waitForURL('/dashboard', { timeout: 10000 });
         |                ^
      20 |     await page.waitForLoadState('networkidle');
      21 |   });
      22 |
        at C:\Users\jmbar\Desktop\ALL REPOS\Pia_REPOS\CLMS\Frontend\tests\e2e\enhanced-library-complete-test.spec.ts:19:16

    attachment #1: screenshot (image/png) ──────────────────────────────────────────────────────────
    ..\test-results\e2e-enhanced-library-compl-b05a7-ould-show-top-users-ranking-chromium\test-failed-1.png
    ────────────────────────────────────────────────────────────────────────────────────────────────

    attachment #2: video (video/webm) ──────────────────────────────────────────────────────────────
    ..\test-results\e2e-enhanced-library-compl-b05a7-ould-show-top-users-ranking-chromium\video.webm
    ────────────────────────────────────────────────────────────────────────────────────────────────

    Error Context: ..\test-results\e2e-enhanced-library-compl-b05a7-ould-show-top-users-ranking-chromium\error-context.md
]]>
</failure>
<system-out>
<![CDATA[
[[ATTACHMENT|test-results\e2e-enhanced-library-compl-b05a7-ould-show-top-users-ranking-chromium\test-failed-1.png]]

[[ATTACHMENT|test-results\e2e-enhanced-library-compl-b05a7-ould-show-top-users-ranking-chromium\video.webm]]

[[ATTACHMENT|test-results\e2e-enhanced-library-compl-b05a7-ould-show-top-users-ranking-chromium\error-context.md]]
]]>
</system-out>
</testcase>
<testcase name="🏛️ Enhanced Library Management System - Complete Test Suite › 📈 Library Analytics › should show popular books" classname="e2e\enhanced-library-complete-test.spec.ts" time="14.135">
<failure message="enhanced-library-complete-test.spec.ts:216:5 should show popular books" type="FAILURE">
<![CDATA[  [chromium] › e2e\enhanced-library-complete-test.spec.ts:216:5 › 🏛️ Enhanced Library Management System - Complete Test Suite › 📈 Library Analytics › should show popular books 

    TimeoutError: page.waitForURL: Timeout 10000ms exceeded.
    =========================== logs ===========================
    waiting for navigation to "/dashboard" until "load"
    ============================================================

      17 |
      18 |     // Wait for dashboard to load
    > 19 |     await page.waitForURL('/dashboard', { timeout: 10000 });
         |                ^
      20 |     await page.waitForLoadState('networkidle');
      21 |   });
      22 |
        at C:\Users\jmbar\Desktop\ALL REPOS\Pia_REPOS\CLMS\Frontend\tests\e2e\enhanced-library-complete-test.spec.ts:19:16

    attachment #1: screenshot (image/png) ──────────────────────────────────────────────────────────
    ..\test-results\e2e-enhanced-library-compl-0a117-s-should-show-popular-books-chromium\test-failed-1.png
    ────────────────────────────────────────────────────────────────────────────────────────────────

    attachment #2: video (video/webm) ──────────────────────────────────────────────────────────────
    ..\test-results\e2e-enhanced-library-compl-0a117-s-should-show-popular-books-chromium\video.webm
    ────────────────────────────────────────────────────────────────────────────────────────────────

    Error Context: ..\test-results\e2e-enhanced-library-compl-0a117-s-should-show-popular-books-chromium\error-context.md
]]>
</failure>
<system-out>
<![CDATA[
[[ATTACHMENT|test-results\e2e-enhanced-library-compl-0a117-s-should-show-popular-books-chromium\test-failed-1.png]]

[[ATTACHMENT|test-results\e2e-enhanced-library-compl-0a117-s-should-show-popular-books-chromium\video.webm]]

[[ATTACHMENT|test-results\e2e-enhanced-library-compl-0a117-s-should-show-popular-books-chromium\error-context.md]]
]]>
</system-out>
</testcase>
<testcase name="🏛️ Enhanced Library Management System - Complete Test Suite › 📈 Library Analytics › should show borrowing statistics" classname="e2e\enhanced-library-complete-test.spec.ts" time="14.605">
<failure message="enhanced-library-complete-test.spec.ts:227:5 should show borrowing statistics" type="FAILURE">
<![CDATA[  [chromium] › e2e\enhanced-library-complete-test.spec.ts:227:5 › 🏛️ Enhanced Library Management System - Complete Test Suite › 📈 Library Analytics › should show borrowing statistics 

    TimeoutError: page.waitForURL: Timeout 10000ms exceeded.
    =========================== logs ===========================
    waiting for navigation to "/dashboard" until "load"
    ============================================================

      17 |
      18 |     // Wait for dashboard to load
    > 19 |     await page.waitForURL('/dashboard', { timeout: 10000 });
         |                ^
      20 |     await page.waitForLoadState('networkidle');
      21 |   });
      22 |
        at C:\Users\jmbar\Desktop\ALL REPOS\Pia_REPOS\CLMS\Frontend\tests\e2e\enhanced-library-complete-test.spec.ts:19:16

    attachment #1: screenshot (image/png) ──────────────────────────────────────────────────────────
    ..\test-results\e2e-enhanced-library-compl-1d24c-d-show-borrowing-statistics-chromium\test-failed-1.png
    ────────────────────────────────────────────────────────────────────────────────────────────────

    attachment #2: video (video/webm) ──────────────────────────────────────────────────────────────
    ..\test-results\e2e-enhanced-library-compl-1d24c-d-show-borrowing-statistics-chromium\video.webm
    ────────────────────────────────────────────────────────────────────────────────────────────────

    Error Context: ..\test-results\e2e-enhanced-library-compl-1d24c-d-show-borrowing-statistics-chromium\error-context.md
]]>
</failure>
<system-out>
<![CDATA[
[[ATTACHMENT|test-results\e2e-enhanced-library-compl-1d24c-d-show-borrowing-statistics-chromium\test-failed-1.png]]

[[ATTACHMENT|test-results\e2e-enhanced-library-compl-1d24c-d-show-borrowing-statistics-chromium\video.webm]]

[[ATTACHMENT|test-results\e2e-enhanced-library-compl-1d24c-d-show-borrowing-statistics-chromium\error-context.md]]
]]>
</system-out>
</testcase>
<testcase name="🏛️ Enhanced Library Management System - Complete Test Suite › 📈 Library Analytics › should have export functionality" classname="e2e\enhanced-library-complete-test.spec.ts" time="14.213">
<failure message="enhanced-library-complete-test.spec.ts:238:5 should have export functionality" type="FAILURE">
<![CDATA[  [chromium] › e2e\enhanced-library-complete-test.spec.ts:238:5 › 🏛️ Enhanced Library Management System - Complete Test Suite › 📈 Library Analytics › should have export functionality 

    TimeoutError: page.waitForURL: Timeout 10000ms exceeded.
    =========================== logs ===========================
    waiting for navigation to "/dashboard" until "load"
    ============================================================

      17 |
      18 |     // Wait for dashboard to load
    > 19 |     await page.waitForURL('/dashboard', { timeout: 10000 });
         |                ^
      20 |     await page.waitForLoadState('networkidle');
      21 |   });
      22 |
        at C:\Users\jmbar\Desktop\ALL REPOS\Pia_REPOS\CLMS\Frontend\tests\e2e\enhanced-library-complete-test.spec.ts:19:16

    attachment #1: screenshot (image/png) ──────────────────────────────────────────────────────────
    ..\test-results\e2e-enhanced-library-compl-67ce4-d-have-export-functionality-chromium\test-failed-1.png
    ────────────────────────────────────────────────────────────────────────────────────────────────

    attachment #2: video (video/webm) ──────────────────────────────────────────────────────────────
    ..\test-results\e2e-enhanced-library-compl-67ce4-d-have-export-functionality-chromium\video.webm
    ────────────────────────────────────────────────────────────────────────────────────────────────

    Error Context: ..\test-results\e2e-enhanced-library-compl-67ce4-d-have-export-functionality-chromium\error-context.md
]]>
</failure>
<system-out>
<![CDATA[
[[ATTACHMENT|test-results\e2e-enhanced-library-compl-67ce4-d-have-export-functionality-chromium\test-failed-1.png]]

[[ATTACHMENT|test-results\e2e-enhanced-library-compl-67ce4-d-have-export-functionality-chromium\video.webm]]

[[ATTACHMENT|test-results\e2e-enhanced-library-compl-67ce4-d-have-export-functionality-chromium\error-context.md]]
]]>
</system-out>
</testcase>
<testcase name="🏛️ Enhanced Library Management System - Complete Test Suite › 🖨️ Printing Service › should display printing interface" classname="e2e\enhanced-library-complete-test.spec.ts" time="11.842">
<failure message="enhanced-library-complete-test.spec.ts:253:5 should display printing interface" type="FAILURE">
<![CDATA[  [chromium] › e2e\enhanced-library-complete-test.spec.ts:253:5 › 🏛️ Enhanced Library Management System - Complete Test Suite › 🖨️ Printing Service › should display printing interface 

    TimeoutError: page.waitForURL: Timeout 10000ms exceeded.
    =========================== logs ===========================
    waiting for navigation to "/dashboard" until "load"
    ============================================================

      17 |
      18 |     // Wait for dashboard to load
    > 19 |     await page.waitForURL('/dashboard', { timeout: 10000 });
         |                ^
      20 |     await page.waitForLoadState('networkidle');
      21 |   });
      22 |
        at C:\Users\jmbar\Desktop\ALL REPOS\Pia_REPOS\CLMS\Frontend\tests\e2e\enhanced-library-complete-test.spec.ts:19:16

    attachment #1: screenshot (image/png) ──────────────────────────────────────────────────────────
    ..\test-results\e2e-enhanced-library-compl-ef8e0--display-printing-interface-chromium\test-failed-1.png
    ────────────────────────────────────────────────────────────────────────────────────────────────

    attachment #2: video (video/webm) ──────────────────────────────────────────────────────────────
    ..\test-results\e2e-enhanced-library-compl-ef8e0--display-printing-interface-chromium\video.webm
    ────────────────────────────────────────────────────────────────────────────────────────────────

    Error Context: ..\test-results\e2e-enhanced-library-compl-ef8e0--display-printing-interface-chromium\error-context.md
]]>
</failure>
<system-out>
<![CDATA[
[[ATTACHMENT|test-results\e2e-enhanced-library-compl-ef8e0--display-printing-interface-chromium\test-failed-1.png]]

[[ATTACHMENT|test-results\e2e-enhanced-library-compl-ef8e0--display-printing-interface-chromium\video.webm]]

[[ATTACHMENT|test-results\e2e-enhanced-library-compl-ef8e0--display-printing-interface-chromium\error-context.md]]
]]>
</system-out>
</testcase>
<testcase name="🏛️ Enhanced Library Management System - Complete Test Suite › 🖨️ Printing Service › should show print pricing" classname="e2e\enhanced-library-complete-test.spec.ts" time="11.862">
<failure message="enhanced-library-complete-test.spec.ts:265:5 should show print pricing" type="FAILURE">
<![CDATA[  [chromium] › e2e\enhanced-library-complete-test.spec.ts:265:5 › 🏛️ Enhanced Library Management System - Complete Test Suite › 🖨️ Printing Service › should show print pricing 

    TimeoutError: page.waitForURL: Timeout 10000ms exceeded.
    =========================== logs ===========================
    waiting for navigation to "/dashboard" until "load"
    ============================================================

      17 |
      18 |     // Wait for dashboard to load
    > 19 |     await page.waitForURL('/dashboard', { timeout: 10000 });
         |                ^
      20 |     await page.waitForLoadState('networkidle');
      21 |   });
      22 |
        at C:\Users\jmbar\Desktop\ALL REPOS\Pia_REPOS\CLMS\Frontend\tests\e2e\enhanced-library-complete-test.spec.ts:19:16

    attachment #1: screenshot (image/png) ──────────────────────────────────────────────────────────
    ..\test-results\e2e-enhanced-library-compl-0dd59-e-should-show-print-pricing-chromium\test-failed-1.png
    ────────────────────────────────────────────────────────────────────────────────────────────────

    attachment #2: video (video/webm) ──────────────────────────────────────────────────────────────
    ..\test-results\e2e-enhanced-library-compl-0dd59-e-should-show-print-pricing-chromium\video.webm
    ────────────────────────────────────────────────────────────────────────────────────────────────

    Error Context: ..\test-results\e2e-enhanced-library-compl-0dd59-e-should-show-print-pricing-chromium\error-context.md
]]>
</failure>
<system-out>
<![CDATA[
[[ATTACHMENT|test-results\e2e-enhanced-library-compl-0dd59-e-should-show-print-pricing-chromium\test-failed-1.png]]

[[ATTACHMENT|test-results\e2e-enhanced-library-compl-0dd59-e-should-show-print-pricing-chromium\video.webm]]

[[ATTACHMENT|test-results\e2e-enhanced-library-compl-0dd59-e-should-show-print-pricing-chromium\error-context.md]]
]]>
</system-out>
</testcase>
<testcase name="🏛️ Enhanced Library Management System - Complete Test Suite › 📋 Inventory Management › should display inventory interface" classname="e2e\enhanced-library-complete-test.spec.ts" time="12.597">
<failure message="enhanced-library-complete-test.spec.ts:274:5 should display inventory interface" type="FAILURE">
<![CDATA[  [chromium] › e2e\enhanced-library-complete-test.spec.ts:274:5 › 🏛️ Enhanced Library Management System - Complete Test Suite › 📋 Inventory Management › should display inventory interface 

    TimeoutError: page.waitForURL: Timeout 10000ms exceeded.
    =========================== logs ===========================
    waiting for navigation to "/dashboard" until "load"
    ============================================================

      17 |
      18 |     // Wait for dashboard to load
    > 19 |     await page.waitForURL('/dashboard', { timeout: 10000 });
         |                ^
      20 |     await page.waitForLoadState('networkidle');
      21 |   });
      22 |
        at C:\Users\jmbar\Desktop\ALL REPOS\Pia_REPOS\CLMS\Frontend\tests\e2e\enhanced-library-complete-test.spec.ts:19:16

    attachment #1: screenshot (image/png) ──────────────────────────────────────────────────────────
    ..\test-results\e2e-enhanced-library-compl-12af7-display-inventory-interface-chromium\test-failed-1.png
    ────────────────────────────────────────────────────────────────────────────────────────────────

    attachment #2: video (video/webm) ──────────────────────────────────────────────────────────────
    ..\test-results\e2e-enhanced-library-compl-12af7-display-inventory-interface-chromium\video.webm
    ────────────────────────────────────────────────────────────────────────────────────────────────

    Error Context: ..\test-results\e2e-enhanced-library-compl-12af7-display-inventory-interface-chromium\error-context.md
]]>
</failure>
<system-out>
<![CDATA[
[[ATTACHMENT|test-results\e2e-enhanced-library-compl-12af7-display-inventory-interface-chromium\test-failed-1.png]]

[[ATTACHMENT|test-results\e2e-enhanced-library-compl-12af7-display-inventory-interface-chromium\video.webm]]

[[ATTACHMENT|test-results\e2e-enhanced-library-compl-12af7-display-inventory-interface-chromium\error-context.md]]
]]>
</system-out>
</testcase>
<testcase name="🏛️ Enhanced Library Management System - Complete Test Suite › 📋 Inventory Management › should support barcode scanning" classname="e2e\enhanced-library-complete-test.spec.ts" time="12.656">
<failure message="enhanced-library-complete-test.spec.ts:281:5 should support barcode scanning" type="FAILURE">
<![CDATA[  [chromium] › e2e\enhanced-library-complete-test.spec.ts:281:5 › 🏛️ Enhanced Library Management System - Complete Test Suite › 📋 Inventory Management › should support barcode scanning 

    TimeoutError: page.waitForURL: Timeout 10000ms exceeded.
    =========================== logs ===========================
    waiting for navigation to "/dashboard" until "load"
    ============================================================

      17 |
      18 |     // Wait for dashboard to load
    > 19 |     await page.waitForURL('/dashboard', { timeout: 10000 });
         |                ^
      20 |     await page.waitForLoadState('networkidle');
      21 |   });
      22 |
        at C:\Users\jmbar\Desktop\ALL REPOS\Pia_REPOS\CLMS\Frontend\tests\e2e\enhanced-library-complete-test.spec.ts:19:16

    attachment #1: screenshot (image/png) ──────────────────────────────────────────────────────────
    ..\test-results\e2e-enhanced-library-compl-978c1-ld-support-barcode-scanning-chromium\test-failed-1.png
    ────────────────────────────────────────────────────────────────────────────────────────────────

    attachment #2: video (video/webm) ──────────────────────────────────────────────────────────────
    ..\test-results\e2e-enhanced-library-compl-978c1-ld-support-barcode-scanning-chromium\video.webm
    ────────────────────────────────────────────────────────────────────────────────────────────────

    Error Context: ..\test-results\e2e-enhanced-library-compl-978c1-ld-support-barcode-scanning-chromium\error-context.md
]]>
</failure>
<system-out>
<![CDATA[
[[ATTACHMENT|test-results\e2e-enhanced-library-compl-978c1-ld-support-barcode-scanning-chromium\test-failed-1.png]]

[[ATTACHMENT|test-results\e2e-enhanced-library-compl-978c1-ld-support-barcode-scanning-chromium\video.webm]]

[[ATTACHMENT|test-results\e2e-enhanced-library-compl-978c1-ld-support-barcode-scanning-chromium\error-context.md]]
]]>
</system-out>
</testcase>
<testcase name="🏛️ Enhanced Library Management System - Complete Test Suite › 📄 Reports Generation › should display reports interface" classname="e2e\enhanced-library-complete-test.spec.ts" time="12.81">
<failure message="enhanced-library-complete-test.spec.ts:290:5 should display reports interface" type="FAILURE">
<![CDATA[  [chromium] › e2e\enhanced-library-complete-test.spec.ts:290:5 › 🏛️ Enhanced Library Management System - Complete Test Suite › 📄 Reports Generation › should display reports interface 

    TimeoutError: page.waitForURL: Timeout 10000ms exceeded.
    =========================== logs ===========================
    waiting for navigation to "/dashboard" until "load"
    ============================================================

      17 |
      18 |     // Wait for dashboard to load
    > 19 |     await page.waitForURL('/dashboard', { timeout: 10000 });
         |                ^
      20 |     await page.waitForLoadState('networkidle');
      21 |   });
      22 |
        at C:\Users\jmbar\Desktop\ALL REPOS\Pia_REPOS\CLMS\Frontend\tests\e2e\enhanced-library-complete-test.spec.ts:19:16

    attachment #1: screenshot (image/png) ──────────────────────────────────────────────────────────
    ..\test-results\e2e-enhanced-library-compl-a3904-d-display-reports-interface-chromium\test-failed-1.png
    ────────────────────────────────────────────────────────────────────────────────────────────────

    attachment #2: video (video/webm) ──────────────────────────────────────────────────────────────
    ..\test-results\e2e-enhanced-library-compl-a3904-d-display-reports-interface-chromium\video.webm
    ────────────────────────────────────────────────────────────────────────────────────────────────

    Error Context: ..\test-results\e2e-enhanced-library-compl-a3904-d-display-reports-interface-chromium\error-context.md
]]>
</failure>
<system-out>
<![CDATA[
[[ATTACHMENT|test-results\e2e-enhanced-library-compl-a3904-d-display-reports-interface-chromium\test-failed-1.png]]

[[ATTACHMENT|test-results\e2e-enhanced-library-compl-a3904-d-display-reports-interface-chromium\video.webm]]

[[ATTACHMENT|test-results\e2e-enhanced-library-compl-a3904-d-display-reports-interface-chromium\error-context.md]]
]]>
</system-out>
</testcase>
<testcase name="🏛️ Enhanced Library Management System - Complete Test Suite › 📄 Reports Generation › should support PDF and Excel export" classname="e2e\enhanced-library-complete-test.spec.ts" time="12.654">
<failure message="enhanced-library-complete-test.spec.ts:297:5 should support PDF and Excel export" type="FAILURE">
<![CDATA[  [chromium] › e2e\enhanced-library-complete-test.spec.ts:297:5 › 🏛️ Enhanced Library Management System - Complete Test Suite › 📄 Reports Generation › should support PDF and Excel export 

    TimeoutError: page.waitForURL: Timeout 10000ms exceeded.
    =========================== logs ===========================
    waiting for navigation to "/dashboard" until "load"
    ============================================================

      17 |
      18 |     // Wait for dashboard to load
    > 19 |     await page.waitForURL('/dashboard', { timeout: 10000 });
         |                ^
      20 |     await page.waitForLoadState('networkidle');
      21 |   });
      22 |
        at C:\Users\jmbar\Desktop\ALL REPOS\Pia_REPOS\CLMS\Frontend\tests\e2e\enhanced-library-complete-test.spec.ts:19:16

    attachment #1: screenshot (image/png) ──────────────────────────────────────────────────────────
    ..\test-results\e2e-enhanced-library-compl-3a497-upport-PDF-and-Excel-export-chromium\test-failed-1.png
    ────────────────────────────────────────────────────────────────────────────────────────────────

    attachment #2: video (video/webm) ──────────────────────────────────────────────────────────────
    ..\test-results\e2e-enhanced-library-compl-3a497-upport-PDF-and-Excel-export-chromium\video.webm
    ────────────────────────────────────────────────────────────────────────────────────────────────

    Error Context: ..\test-results\e2e-enhanced-library-compl-3a497-upport-PDF-and-Excel-export-chromium\error-context.md
]]>
</failure>
<system-out>
<![CDATA[
[[ATTACHMENT|test-results\e2e-enhanced-library-compl-3a497-upport-PDF-and-Excel-export-chromium\test-failed-1.png]]

[[ATTACHMENT|test-results\e2e-enhanced-library-compl-3a497-upport-PDF-and-Excel-export-chromium\video.webm]]

[[ATTACHMENT|test-results\e2e-enhanced-library-compl-3a497-upport-PDF-and-Excel-export-chromium\error-context.md]]
]]>
</system-out>
</testcase>
<testcase name="🏛️ Enhanced Library Management System - Complete Test Suite › 🔧 System Integration › should integrate with existing CLMS features" classname="e2e\enhanced-library-complete-test.spec.ts" time="12.841">
<failure message="enhanced-library-complete-test.spec.ts:304:5 should integrate with existing CLMS features" type="FAILURE">
<![CDATA[  [chromium] › e2e\enhanced-library-complete-test.spec.ts:304:5 › 🏛️ Enhanced Library Management System - Complete Test Suite › 🔧 System Integration › should integrate with existing CLMS features 

    TimeoutError: page.waitForURL: Timeout 10000ms exceeded.
    =========================== logs ===========================
    waiting for navigation to "/dashboard" until "load"
    ============================================================

      17 |
      18 |     // Wait for dashboard to load
    > 19 |     await page.waitForURL('/dashboard', { timeout: 10000 });
         |                ^
      20 |     await page.waitForLoadState('networkidle');
      21 |   });
      22 |
        at C:\Users\jmbar\Desktop\ALL REPOS\Pia_REPOS\CLMS\Frontend\tests\e2e\enhanced-library-complete-test.spec.ts:19:16

    attachment #1: screenshot (image/png) ──────────────────────────────────────────────────────────
    ..\test-results\e2e-enhanced-library-compl-28e68-with-existing-CLMS-features-chromium\test-failed-1.png
    ────────────────────────────────────────────────────────────────────────────────────────────────

    attachment #2: video (video/webm) ──────────────────────────────────────────────────────────────
    ..\test-results\e2e-enhanced-library-compl-28e68-with-existing-CLMS-features-chromium\video.webm
    ────────────────────────────────────────────────────────────────────────────────────────────────

    Error Context: ..\test-results\e2e-enhanced-library-compl-28e68-with-existing-CLMS-features-chromium\error-context.md
]]>
</failure>
<system-out>
<![CDATA[
[[ATTACHMENT|test-results\e2e-enhanced-library-compl-28e68-with-existing-CLMS-features-chromium\test-failed-1.png]]

[[ATTACHMENT|test-results\e2e-enhanced-library-compl-28e68-with-existing-CLMS-features-chromium\video.webm]]

[[ATTACHMENT|test-results\e2e-enhanced-library-compl-28e68-with-existing-CLMS-features-chromium\error-context.md]]
]]>
</system-out>
</testcase>
<testcase name="🏛️ Enhanced Library Management System - Complete Test Suite › 🔧 System Integration › should maintain consistent navigation" classname="e2e\enhanced-library-complete-test.spec.ts" time="12.768">
<failure message="enhanced-library-complete-test.spec.ts:324:5 should maintain consistent navigation" type="FAILURE">
<![CDATA[  [chromium] › e2e\enhanced-library-complete-test.spec.ts:324:5 › 🏛️ Enhanced Library Management System - Complete Test Suite › 🔧 System Integration › should maintain consistent navigation 

    TimeoutError: page.waitForURL: Timeout 10000ms exceeded.
    =========================== logs ===========================
    waiting for navigation to "/dashboard" until "load"
    ============================================================

      17 |
      18 |     // Wait for dashboard to load
    > 19 |     await page.waitForURL('/dashboard', { timeout: 10000 });
         |                ^
      20 |     await page.waitForLoadState('networkidle');
      21 |   });
      22 |
        at C:\Users\jmbar\Desktop\ALL REPOS\Pia_REPOS\CLMS\Frontend\tests\e2e\enhanced-library-complete-test.spec.ts:19:16

    attachment #1: screenshot (image/png) ──────────────────────────────────────────────────────────
    ..\test-results\e2e-enhanced-library-compl-47dc6-ntain-consistent-navigation-chromium\test-failed-1.png
    ────────────────────────────────────────────────────────────────────────────────────────────────

    attachment #2: video (video/webm) ──────────────────────────────────────────────────────────────
    ..\test-results\e2e-enhanced-library-compl-47dc6-ntain-consistent-navigation-chromium\video.webm
    ────────────────────────────────────────────────────────────────────────────────────────────────

    Error Context: ..\test-results\e2e-enhanced-library-compl-47dc6-ntain-consistent-navigation-chromium\error-context.md
]]>
</failure>
<system-out>
<![CDATA[
[[ATTACHMENT|test-results\e2e-enhanced-library-compl-47dc6-ntain-consistent-navigation-chromium\test-failed-1.png]]

[[ATTACHMENT|test-results\e2e-enhanced-library-compl-47dc6-ntain-consistent-navigation-chromium\video.webm]]

[[ATTACHMENT|test-results\e2e-enhanced-library-compl-47dc6-ntain-consistent-navigation-chromium\error-context.md]]
]]>
</system-out>
</testcase>
<testcase name="🏛️ Enhanced Library Management System - Complete Test Suite › 🔧 System Integration › should handle API responses correctly" classname="e2e\enhanced-library-complete-test.spec.ts" time="12.328">
<failure message="enhanced-library-complete-test.spec.ts:339:5 should handle API responses correctly" type="FAILURE">
<![CDATA[  [chromium] › e2e\enhanced-library-complete-test.spec.ts:339:5 › 🏛️ Enhanced Library Management System - Complete Test Suite › 🔧 System Integration › should handle API responses correctly 

    TimeoutError: page.waitForURL: Timeout 10000ms exceeded.
    =========================== logs ===========================
    waiting for navigation to "/dashboard" until "load"
    ============================================================

      17 |
      18 |     // Wait for dashboard to load
    > 19 |     await page.waitForURL('/dashboard', { timeout: 10000 });
         |                ^
      20 |     await page.waitForLoadState('networkidle');
      21 |   });
      22 |
        at C:\Users\jmbar\Desktop\ALL REPOS\Pia_REPOS\CLMS\Frontend\tests\e2e\enhanced-library-complete-test.spec.ts:19:16

    attachment #1: screenshot (image/png) ──────────────────────────────────────────────────────────
    ..\test-results\e2e-enhanced-library-compl-07cfe-dle-API-responses-correctly-chromium\test-failed-1.png
    ────────────────────────────────────────────────────────────────────────────────────────────────

    attachment #2: video (video/webm) ──────────────────────────────────────────────────────────────
    ..\test-results\e2e-enhanced-library-compl-07cfe-dle-API-responses-correctly-chromium\video.webm
    ────────────────────────────────────────────────────────────────────────────────────────────────

    Error Context: ..\test-results\e2e-enhanced-library-compl-07cfe-dle-API-responses-correctly-chromium\error-context.md
]]>
</failure>
<system-out>
<![CDATA[
[[ATTACHMENT|test-results\e2e-enhanced-library-compl-07cfe-dle-API-responses-correctly-chromium\test-failed-1.png]]

[[ATTACHMENT|test-results\e2e-enhanced-library-compl-07cfe-dle-API-responses-correctly-chromium\video.webm]]

[[ATTACHMENT|test-results\e2e-enhanced-library-compl-07cfe-dle-API-responses-correctly-chromium\error-context.md]]
]]>
</system-out>
</testcase>
<testcase name="🏛️ Enhanced Library Management System - Complete Test Suite › 📱 Mobile Responsiveness › should work on mobile devices" classname="e2e\enhanced-library-complete-test.spec.ts" time="12.7">
<failure message="enhanced-library-complete-test.spec.ts:355:5 should work on mobile devices" type="FAILURE">
<![CDATA[  [chromium] › e2e\enhanced-library-complete-test.spec.ts:355:5 › 🏛️ Enhanced Library Management System - Complete Test Suite › 📱 Mobile Responsiveness › should work on mobile devices 

    TimeoutError: page.waitForURL: Timeout 10000ms exceeded.
    =========================== logs ===========================
    waiting for navigation to "/dashboard" until "load"
    ============================================================

      17 |
      18 |     // Wait for dashboard to load
    > 19 |     await page.waitForURL('/dashboard', { timeout: 10000 });
         |                ^
      20 |     await page.waitForLoadState('networkidle');
      21 |   });
      22 |
        at C:\Users\jmbar\Desktop\ALL REPOS\Pia_REPOS\CLMS\Frontend\tests\e2e\enhanced-library-complete-test.spec.ts:19:16

    attachment #1: screenshot (image/png) ──────────────────────────────────────────────────────────
    ..\test-results\e2e-enhanced-library-compl-97622-ould-work-on-mobile-devices-chromium\test-failed-1.png
    ────────────────────────────────────────────────────────────────────────────────────────────────

    attachment #2: video (video/webm) ──────────────────────────────────────────────────────────────
    ..\test-results\e2e-enhanced-library-compl-97622-ould-work-on-mobile-devices-chromium\video.webm
    ────────────────────────────────────────────────────────────────────────────────────────────────

    Error Context: ..\test-results\e2e-enhanced-library-compl-97622-ould-work-on-mobile-devices-chromium\error-context.md
]]>
</failure>
<system-out>
<![CDATA[
[[ATTACHMENT|test-results\e2e-enhanced-library-compl-97622-ould-work-on-mobile-devices-chromium\test-failed-1.png]]

[[ATTACHMENT|test-results\e2e-enhanced-library-compl-97622-ould-work-on-mobile-devices-chromium\video.webm]]

[[ATTACHMENT|test-results\e2e-enhanced-library-compl-97622-ould-work-on-mobile-devices-chromium\error-context.md]]
]]>
</system-out>
</testcase>
</testsuite>
<testsuite name="e2e\enhanced-library-complete-test.spec.ts" timestamp="2025-11-15T12:06:51.285Z" hostname="firefox" tests="26" failures="26" skipped="0" time="471.05" errors="0">
<testcase name="🏛️ Enhanced Library Management System - Complete Test Suite › 📊 User Tracking Module › should display current patrons in library" classname="e2e\enhanced-library-complete-test.spec.ts" time="16.914">
<failure message="enhanced-library-complete-test.spec.ts:24:5 should display current patrons in library" type="FAILURE">
<![CDATA[  [firefox] › e2e\enhanced-library-complete-test.spec.ts:24:5 › 🏛️ Enhanced Library Management System - Complete Test Suite › 📊 User Tracking Module › should display current patrons in library 

    TimeoutError: page.waitForURL: Timeout 10000ms exceeded.
    =========================== logs ===========================
    waiting for navigation to "/dashboard" until "load"
    ============================================================

      17 |
      18 |     // Wait for dashboard to load
    > 19 |     await page.waitForURL('/dashboard', { timeout: 10000 });
         |                ^
      20 |     await page.waitForLoadState('networkidle');
      21 |   });
      22 |
        at C:\Users\jmbar\Desktop\ALL REPOS\Pia_REPOS\CLMS\Frontend\tests\e2e\enhanced-library-complete-test.spec.ts:19:16

    attachment #1: screenshot (image/png) ──────────────────────────────────────────────────────────
    ..\test-results\e2e-enhanced-library-compl-8bfcf--current-patrons-in-library-firefox\test-failed-1.png
    ────────────────────────────────────────────────────────────────────────────────────────────────

    attachment #2: video (video/webm) ──────────────────────────────────────────────────────────────
    ..\test-results\e2e-enhanced-library-compl-8bfcf--current-patrons-in-library-firefox\video.webm
    ────────────────────────────────────────────────────────────────────────────────────────────────

    Error Context: ..\test-results\e2e-enhanced-library-compl-8bfcf--current-patrons-in-library-firefox\error-context.md
]]>
</failure>
<system-out>
<![CDATA[
[[ATTACHMENT|test-results\e2e-enhanced-library-compl-8bfcf--current-patrons-in-library-firefox\test-failed-1.png]]

[[ATTACHMENT|test-results\e2e-enhanced-library-compl-8bfcf--current-patrons-in-library-firefox\video.webm]]

[[ATTACHMENT|test-results\e2e-enhanced-library-compl-8bfcf--current-patrons-in-library-firefox\error-context.md]]
]]>
</system-out>
</testcase>
<testcase name="🏛️ Enhanced Library Management System - Complete Test Suite › 📊 User Tracking Module › should show patron statistics" classname="e2e\enhanced-library-complete-test.spec.ts" time="20.847">
<failure message="enhanced-library-complete-test.spec.ts:44:5 should show patron statistics" type="FAILURE">
<![CDATA[  [firefox] › e2e\enhanced-library-complete-test.spec.ts:44:5 › 🏛️ Enhanced Library Management System - Complete Test Suite › 📊 User Tracking Module › should show patron statistics 

    TimeoutError: page.waitForURL: Timeout 10000ms exceeded.
    =========================== logs ===========================
    waiting for navigation to "/dashboard" until "load"
    ============================================================

      17 |
      18 |     // Wait for dashboard to load
    > 19 |     await page.waitForURL('/dashboard', { timeout: 10000 });
         |                ^
      20 |     await page.waitForLoadState('networkidle');
      21 |   });
      22 |
        at C:\Users\jmbar\Desktop\ALL REPOS\Pia_REPOS\CLMS\Frontend\tests\e2e\enhanced-library-complete-test.spec.ts:19:16

    attachment #1: screenshot (image/png) ──────────────────────────────────────────────────────────
    ..\test-results\e2e-enhanced-library-compl-5cf79-ould-show-patron-statistics-firefox\test-failed-1.png
    ────────────────────────────────────────────────────────────────────────────────────────────────

    attachment #2: video (video/webm) ──────────────────────────────────────────────────────────────
    ..\test-results\e2e-enhanced-library-compl-5cf79-ould-show-patron-statistics-firefox\video.webm
    ────────────────────────────────────────────────────────────────────────────────────────────────

    Error Context: ..\test-results\e2e-enhanced-library-compl-5cf79-ould-show-patron-statistics-firefox\error-context.md
]]>
</failure>
<system-out>
<![CDATA[
[[ATTACHMENT|test-results\e2e-enhanced-library-compl-5cf79-ould-show-patron-statistics-firefox\test-failed-1.png]]

[[ATTACHMENT|test-results\e2e-enhanced-library-compl-5cf79-ould-show-patron-statistics-firefox\video.webm]]

[[ATTACHMENT|test-results\e2e-enhanced-library-compl-5cf79-ould-show-patron-statistics-firefox\error-context.md]]
]]>
</system-out>
</testcase>
<testcase name="🏛️ Enhanced Library Management System - Complete Test Suite › 📊 User Tracking Module › should filter patrons by purpose" classname="e2e\enhanced-library-complete-test.spec.ts" time="21.171">
<failure message="enhanced-library-complete-test.spec.ts:54:5 should filter patrons by purpose" type="FAILURE">
<![CDATA[  [firefox] › e2e\enhanced-library-complete-test.spec.ts:54:5 › 🏛️ Enhanced Library Management System - Complete Test Suite › 📊 User Tracking Module › should filter patrons by purpose 

    TimeoutError: page.waitForURL: Timeout 10000ms exceeded.
    =========================== logs ===========================
    waiting for navigation to "/dashboard" until "load"
    ============================================================

      17 |
      18 |     // Wait for dashboard to load
    > 19 |     await page.waitForURL('/dashboard', { timeout: 10000 });
         |                ^
      20 |     await page.waitForLoadState('networkidle');
      21 |   });
      22 |
        at C:\Users\jmbar\Desktop\ALL REPOS\Pia_REPOS\CLMS\Frontend\tests\e2e\enhanced-library-complete-test.spec.ts:19:16

    attachment #1: screenshot (image/png) ──────────────────────────────────────────────────────────
    ..\test-results\e2e-enhanced-library-compl-13a88-d-filter-patrons-by-purpose-firefox\test-failed-1.png
    ────────────────────────────────────────────────────────────────────────────────────────────────

    attachment #2: video (video/webm) ──────────────────────────────────────────────────────────────
    ..\test-results\e2e-enhanced-library-compl-13a88-d-filter-patrons-by-purpose-firefox\video.webm
    ────────────────────────────────────────────────────────────────────────────────────────────────

    Error Context: ..\test-results\e2e-enhanced-library-compl-13a88-d-filter-patrons-by-purpose-firefox\error-context.md
]]>
</failure>
<system-out>
<![CDATA[
[[ATTACHMENT|test-results\e2e-enhanced-library-compl-13a88-d-filter-patrons-by-purpose-firefox\test-failed-1.png]]

[[ATTACHMENT|test-results\e2e-enhanced-library-compl-13a88-d-filter-patrons-by-purpose-firefox\video.webm]]

[[ATTACHMENT|test-results\e2e-enhanced-library-compl-13a88-d-filter-patrons-by-purpose-firefox\error-context.md]]
]]>
</system-out>
</testcase>
<testcase name="🏛️ Enhanced Library Management System - Complete Test Suite › 📚 Enhanced Borrowing Flow › should display enhanced borrowing interface" classname="e2e\enhanced-library-complete-test.spec.ts" time="20.836">
<failure message="enhanced-library-complete-test.spec.ts:80:5 should display enhanced borrowing interface" type="FAILURE">
<![CDATA[  [firefox] › e2e\enhanced-library-complete-test.spec.ts:80:5 › 🏛️ Enhanced Library Management System - Complete Test Suite › 📚 Enhanced Borrowing Flow › should display enhanced borrowing interface 

    TimeoutError: page.waitForURL: Timeout 10000ms exceeded.
    =========================== logs ===========================
    waiting for navigation to "/dashboard" until "load"
    ============================================================

      17 |
      18 |     // Wait for dashboard to load
    > 19 |     await page.waitForURL('/dashboard', { timeout: 10000 });
         |                ^
      20 |     await page.waitForLoadState('networkidle');
      21 |   });
      22 |
        at C:\Users\jmbar\Desktop\ALL REPOS\Pia_REPOS\CLMS\Frontend\tests\e2e\enhanced-library-complete-test.spec.ts:19:16

    attachment #1: screenshot (image/png) ──────────────────────────────────────────────────────────
    ..\test-results\e2e-enhanced-library-compl-5b8ec-nhanced-borrowing-interface-firefox\test-failed-1.png
    ────────────────────────────────────────────────────────────────────────────────────────────────

    attachment #2: video (video/webm) ──────────────────────────────────────────────────────────────
    ..\test-results\e2e-enhanced-library-compl-5b8ec-nhanced-borrowing-interface-firefox\video.webm
    ────────────────────────────────────────────────────────────────────────────────────────────────

    Error Context: ..\test-results\e2e-enhanced-library-compl-5b8ec-nhanced-borrowing-interface-firefox\error-context.md
]]>
</failure>
<system-out>
<![CDATA[
[[ATTACHMENT|test-results\e2e-enhanced-library-compl-5b8ec-nhanced-borrowing-interface-firefox\test-failed-1.png]]

[[ATTACHMENT|test-results\e2e-enhanced-library-compl-5b8ec-nhanced-borrowing-interface-firefox\video.webm]]

[[ATTACHMENT|test-results\e2e-enhanced-library-compl-5b8ec-nhanced-borrowing-interface-firefox\error-context.md]]
]]>
</system-out>
</testcase>
<testcase name="🏛️ Enhanced Library Management System - Complete Test Suite › 📚 Enhanced Borrowing Flow › should show material type selection" classname="e2e\enhanced-library-complete-test.spec.ts" time="18.787">
<failure message="enhanced-library-complete-test.spec.ts:93:5 should show material type selection" type="FAILURE">
<![CDATA[  [firefox] › e2e\enhanced-library-complete-test.spec.ts:93:5 › 🏛️ Enhanced Library Management System - Complete Test Suite › 📚 Enhanced Borrowing Flow › should show material type selection 

    TimeoutError: page.waitForURL: Timeout 10000ms exceeded.
    =========================== logs ===========================
    waiting for navigation to "/dashboard" until "load"
    ============================================================

      17 |
      18 |     // Wait for dashboard to load
    > 19 |     await page.waitForURL('/dashboard', { timeout: 10000 });
         |                ^
      20 |     await page.waitForLoadState('networkidle');
      21 |   });
      22 |
        at C:\Users\jmbar\Desktop\ALL REPOS\Pia_REPOS\CLMS\Frontend\tests\e2e\enhanced-library-complete-test.spec.ts:19:16

    attachment #1: screenshot (image/png) ──────────────────────────────────────────────────────────
    ..\test-results\e2e-enhanced-library-compl-33fc4-how-material-type-selection-firefox\test-failed-1.png
    ────────────────────────────────────────────────────────────────────────────────────────────────

    attachment #2: video (video/webm) ──────────────────────────────────────────────────────────────
    ..\test-results\e2e-enhanced-library-compl-33fc4-how-material-type-selection-firefox\video.webm
    ────────────────────────────────────────────────────────────────────────────────────────────────

    Error Context: ..\test-results\e2e-enhanced-library-compl-33fc4-how-material-type-selection-firefox\error-context.md
]]>
</failure>
<system-out>
<![CDATA[
[[ATTACHMENT|test-results\e2e-enhanced-library-compl-33fc4-how-material-type-selection-firefox\test-failed-1.png]]

[[ATTACHMENT|test-results\e2e-enhanced-library-compl-33fc4-how-material-type-selection-firefox\video.webm]]

[[ATTACHMENT|test-results\e2e-enhanced-library-compl-33fc4-how-material-type-selection-firefox\error-context.md]]
]]>
</system-out>
</testcase>
<testcase name="🏛️ Enhanced Library Management System - Complete Test Suite › 📚 Enhanced Borrowing Flow › should calculate due dates based on material type" classname="e2e\enhanced-library-complete-test.spec.ts" time="21.273">
<failure message="enhanced-library-complete-test.spec.ts:115:5 should calculate due dates based on material type" type="FAILURE">
<![CDATA[  [firefox] › e2e\enhanced-library-complete-test.spec.ts:115:5 › 🏛️ Enhanced Library Management System - Complete Test Suite › 📚 Enhanced Borrowing Flow › should calculate due dates based on material type 

    TimeoutError: page.waitForURL: Timeout 10000ms exceeded.
    =========================== logs ===========================
    waiting for navigation to "/dashboard" until "load"
    ============================================================

      17 |
      18 |     // Wait for dashboard to load
    > 19 |     await page.waitForURL('/dashboard', { timeout: 10000 });
         |                ^
      20 |     await page.waitForLoadState('networkidle');
      21 |   });
      22 |
        at C:\Users\jmbar\Desktop\ALL REPOS\Pia_REPOS\CLMS\Frontend\tests\e2e\enhanced-library-complete-test.spec.ts:19:16

    attachment #1: screenshot (image/png) ──────────────────────────────────────────────────────────
    ..\test-results\e2e-enhanced-library-compl-f881a-ates-based-on-material-type-firefox\test-failed-1.png
    ────────────────────────────────────────────────────────────────────────────────────────────────

    attachment #2: video (video/webm) ──────────────────────────────────────────────────────────────
    ..\test-results\e2e-enhanced-library-compl-f881a-ates-based-on-material-type-firefox\video.webm
    ────────────────────────────────────────────────────────────────────────────────────────────────

    Error Context: ..\test-results\e2e-enhanced-library-compl-f881a-ates-based-on-material-type-firefox\error-context.md
]]>
</failure>
<system-out>
<![CDATA[
[[ATTACHMENT|test-results\e2e-enhanced-library-compl-f881a-ates-based-on-material-type-firefox\test-failed-1.png]]

[[ATTACHMENT|test-results\e2e-enhanced-library-compl-f881a-ates-based-on-material-type-firefox\video.webm]]

[[ATTACHMENT|test-results\e2e-enhanced-library-compl-f881a-ates-based-on-material-type-firefox\error-context.md]]
]]>
</system-out>
</testcase>
<testcase name="🏛️ Enhanced Library Management System - Complete Test Suite › 📚 Enhanced Borrowing Flow › should show borrowing policies" classname="e2e\enhanced-library-complete-test.spec.ts" time="17.457">
<failure message="enhanced-library-complete-test.spec.ts:131:5 should show borrowing policies" type="FAILURE">
<![CDATA[  [firefox] › e2e\enhanced-library-complete-test.spec.ts:131:5 › 🏛️ Enhanced Library Management System - Complete Test Suite › 📚 Enhanced Borrowing Flow › should show borrowing policies 

    TimeoutError: page.waitForURL: Timeout 10000ms exceeded.
    =========================== logs ===========================
    waiting for navigation to "/dashboard" until "load"
    ============================================================

      17 |
      18 |     // Wait for dashboard to load
    > 19 |     await page.waitForURL('/dashboard', { timeout: 10000 });
         |                ^
      20 |     await page.waitForLoadState('networkidle');
      21 |   });
      22 |
        at C:\Users\jmbar\Desktop\ALL REPOS\Pia_REPOS\CLMS\Frontend\tests\e2e\enhanced-library-complete-test.spec.ts:19:16

    attachment #1: screenshot (image/png) ──────────────────────────────────────────────────────────
    ..\test-results\e2e-enhanced-library-compl-97d6c-uld-show-borrowing-policies-firefox\test-failed-1.png
    ────────────────────────────────────────────────────────────────────────────────────────────────

    attachment #2: video (video/webm) ──────────────────────────────────────────────────────────────
    ..\test-results\e2e-enhanced-library-compl-97d6c-uld-show-borrowing-policies-firefox\video.webm
    ────────────────────────────────────────────────────────────────────────────────────────────────

    Error Context: ..\test-results\e2e-enhanced-library-compl-97d6c-uld-show-borrowing-policies-firefox\error-context.md
]]>
</failure>
<system-out>
<![CDATA[
[[ATTACHMENT|test-results\e2e-enhanced-library-compl-97d6c-uld-show-borrowing-policies-firefox\test-failed-1.png]]

[[ATTACHMENT|test-results\e2e-enhanced-library-compl-97d6c-uld-show-borrowing-policies-firefox\video.webm]]

[[ATTACHMENT|test-results\e2e-enhanced-library-compl-97d6c-uld-show-borrowing-policies-firefox\error-context.md]]
]]>
</system-out>
</testcase>
<testcase name="🏛️ Enhanced Library Management System - Complete Test Suite › 💰 Overdue Management › should display overdue books dashboard" classname="e2e\enhanced-library-complete-test.spec.ts" time="17.898">
<failure message="enhanced-library-complete-test.spec.ts:144:5 should display overdue books dashboard" type="FAILURE">
<![CDATA[  [firefox] › e2e\enhanced-library-complete-test.spec.ts:144:5 › 🏛️ Enhanced Library Management System - Complete Test Suite › 💰 Overdue Management › should display overdue books dashboard 

    TimeoutError: page.waitForURL: Timeout 10000ms exceeded.
    =========================== logs ===========================
    waiting for navigation to "/dashboard" until "load"
    ============================================================

      17 |
      18 |     // Wait for dashboard to load
    > 19 |     await page.waitForURL('/dashboard', { timeout: 10000 });
         |                ^
      20 |     await page.waitForLoadState('networkidle');
      21 |   });
      22 |
        at C:\Users\jmbar\Desktop\ALL REPOS\Pia_REPOS\CLMS\Frontend\tests\e2e\enhanced-library-complete-test.spec.ts:19:16

    attachment #1: screenshot (image/png) ──────────────────────────────────────────────────────────
    ..\test-results\e2e-enhanced-library-compl-f72c5-lay-overdue-books-dashboard-firefox\test-failed-1.png
    ────────────────────────────────────────────────────────────────────────────────────────────────

    attachment #2: video (video/webm) ──────────────────────────────────────────────────────────────
    ..\test-results\e2e-enhanced-library-compl-f72c5-lay-overdue-books-dashboard-firefox\video.webm
    ────────────────────────────────────────────────────────────────────────────────────────────────

    Error Context: ..\test-results\e2e-enhanced-library-compl-f72c5-lay-overdue-books-dashboard-firefox\error-context.md
]]>
</failure>
<system-out>
<![CDATA[
[[ATTACHMENT|test-results\e2e-enhanced-library-compl-f72c5-lay-overdue-books-dashboard-firefox\test-failed-1.png]]

[[ATTACHMENT|test-results\e2e-enhanced-library-compl-f72c5-lay-overdue-books-dashboard-firefox\video.webm]]

[[ATTACHMENT|test-results\e2e-enhanced-library-compl-f72c5-lay-overdue-books-dashboard-firefox\error-context.md]]
]]>
</system-out>
</testcase>
<testcase name="🏛️ Enhanced Library Management System - Complete Test Suite › 💰 Overdue Management › should show grade-based fine calculation" classname="e2e\enhanced-library-complete-test.spec.ts" time="17.762">
<failure message="enhanced-library-complete-test.spec.ts:156:5 should show grade-based fine calculation" type="FAILURE">
<![CDATA[  [firefox] › e2e\enhanced-library-complete-test.spec.ts:156:5 › 🏛️ Enhanced Library Management System - Complete Test Suite › 💰 Overdue Management › should show grade-based fine calculation 

    TimeoutError: page.waitForURL: Timeout 10000ms exceeded.
    =========================== logs ===========================
    waiting for navigation to "/dashboard" until "load"
    ============================================================

      17 |
      18 |     // Wait for dashboard to load
    > 19 |     await page.waitForURL('/dashboard', { timeout: 10000 });
         |                ^
      20 |     await page.waitForLoadState('networkidle');
      21 |   });
      22 |
        at C:\Users\jmbar\Desktop\ALL REPOS\Pia_REPOS\CLMS\Frontend\tests\e2e\enhanced-library-complete-test.spec.ts:19:16

    attachment #1: screenshot (image/png) ──────────────────────────────────────────────────────────
    ..\test-results\e2e-enhanced-library-compl-e03db-rade-based-fine-calculation-firefox\test-failed-1.png
    ────────────────────────────────────────────────────────────────────────────────────────────────

    attachment #2: video (video/webm) ──────────────────────────────────────────────────────────────
    ..\test-results\e2e-enhanced-library-compl-e03db-rade-based-fine-calculation-firefox\video.webm
    ────────────────────────────────────────────────────────────────────────────────────────────────

[...]
      20 |     await page.waitForLoadState('networkidle');
      21 |   });
      22 |
        at C:\Users\jmbar\Desktop\ALL REPOS\Pia_REPOS\CLMS\Frontend\tests\e2e\enhanced-library-complete-test.spec.ts:19:16

    attachment #1: screenshot (image/png) ──────────────────────────────────────────────────────────
    ..\test-results\e2e-enhanced-library-compl-0dd59-e-should-show-print-pricing-Mobile-Safari\test-failed-1.png
    ────────────────────────────────────────────────────────────────────────────────────────────────

    attachment #2: video (video/webm) ──────────────────────────────────────────────────────────────
    ..\test-results\e2e-enhanced-library-compl-0dd59-e-should-show-print-pricing-Mobile-Safari\video.webm
    ────────────────────────────────────────────────────────────────────────────────────────────────

    Error Context: ..\test-results\e2e-enhanced-library-compl-0dd59-e-should-show-print-pricing-Mobile-Safari\error-context.md
]]>
</failure>
<system-out>
<![CDATA[
[[ATTACHMENT|test-results\e2e-enhanced-library-compl-0dd59-e-should-show-print-pricing-Mobile-Safari\test-failed-1.png]]

[[ATTACHMENT|test-results\e2e-enhanced-library-compl-0dd59-e-should-show-print-pricing-Mobile-Safari\video.webm]]

[[ATTACHMENT|test-results\e2e-enhanced-library-compl-0dd59-e-should-show-print-pricing-Mobile-Safari\error-context.md]]
]]>
</system-out>
</testcase>
<testcase name="🏛️ Enhanced Library Management System - Complete Test Suite › 📋 Inventory Management › should display inventory interface" classname="e2e\enhanced-library-complete-test.spec.ts" time="13.278">
<failure message="enhanced-library-complete-test.spec.ts:274:5 should display inventory interface" type="FAILURE">
<![CDATA[  [Mobile Safari] › e2e\enhanced-library-complete-test.spec.ts:274:5 › 🏛️ Enhanced Library Management System - Complete Test Suite › 📋 Inventory Management › should display inventory interface 

    TimeoutError: page.waitForURL: Timeout 10000ms exceeded.
    =========================== logs ===========================
    waiting for navigation to "/dashboard" until "load"
    ============================================================

      17 |
      18 |     // Wait for dashboard to load
    > 19 |     await page.waitForURL('/dashboard', { timeout: 10000 });
         |                ^
      20 |     await page.waitForLoadState('networkidle');
      21 |   });
      22 |
        at C:\Users\jmbar\Desktop\ALL REPOS\Pia_REPOS\CLMS\Frontend\tests\e2e\enhanced-library-complete-test.spec.ts:19:16

    attachment #1: screenshot (image/png) ──────────────────────────────────────────────────────────
    ..\test-results\e2e-enhanced-library-compl-12af7-display-inventory-interface-Mobile-Safari\test-failed-1.png
    ────────────────────────────────────────────────────────────────────────────────────────────────

    attachment #2: video (video/webm) ──────────────────────────────────────────────────────────────
    ..\test-results\e2e-enhanced-library-compl-12af7-display-inventory-interface-Mobile-Safari\video.webm
    ────────────────────────────────────────────────────────────────────────────────────────────────

    Error Context: ..\test-results\e2e-enhanced-library-compl-12af7-display-inventory-interface-Mobile-Safari\error-context.md
]]>
</failure>
<system-out>
<![CDATA[
[[ATTACHMENT|test-results\e2e-enhanced-library-compl-12af7-display-inventory-interface-Mobile-Safari\test-failed-1.png]]

[[ATTACHMENT|test-results\e2e-enhanced-library-compl-12af7-display-inventory-interface-Mobile-Safari\video.webm]]

[[ATTACHMENT|test-results\e2e-enhanced-library-compl-12af7-display-inventory-interface-Mobile-Safari\error-context.md]]
]]>
</system-out>
</testcase>
<testcase name="🏛️ Enhanced Library Management System - Complete Test Suite › 📋 Inventory Management › should support barcode scanning" classname="e2e\enhanced-library-complete-test.spec.ts" time="12.923">
<failure message="enhanced-library-complete-test.spec.ts:281:5 should support barcode scanning" type="FAILURE">
<![CDATA[  [Mobile Safari] › e2e\enhanced-library-complete-test.spec.ts:281:5 › 🏛️ Enhanced Library Management System - Complete Test Suite › 📋 Inventory Management › should support barcode scanning 

    TimeoutError: page.waitForURL: Timeout 10000ms exceeded.
    =========================== logs ===========================
    waiting for navigation to "/dashboard" until "load"
    ============================================================

      17 |
      18 |     // Wait for dashboard to load
    > 19 |     await page.waitForURL('/dashboard', { timeout: 10000 });
         |                ^
      20 |     await page.waitForLoadState('networkidle');
      21 |   });
      22 |
        at C:\Users\jmbar\Desktop\ALL REPOS\Pia_REPOS\CLMS\Frontend\tests\e2e\enhanced-library-complete-test.spec.ts:19:16

    attachment #1: screenshot (image/png) ──────────────────────────────────────────────────────────
    ..\test-results\e2e-enhanced-library-compl-978c1-ld-support-barcode-scanning-Mobile-Safari\test-failed-1.png
    ────────────────────────────────────────────────────────────────────────────────────────────────

    attachment #2: video (video/webm) ──────────────────────────────────────────────────────────────
    ..\test-results\e2e-enhanced-library-compl-978c1-ld-support-barcode-scanning-Mobile-Safari\video.webm
    ────────────────────────────────────────────────────────────────────────────────────────────────

    Error Context: ..\test-results\e2e-enhanced-library-compl-978c1-ld-support-barcode-scanning-Mobile-Safari\error-context.md
]]>
</failure>
<system-out>
<![CDATA[
[[ATTACHMENT|test-results\e2e-enhanced-library-compl-978c1-ld-support-barcode-scanning-Mobile-Safari\test-failed-1.png]]

[[ATTACHMENT|test-results\e2e-enhanced-library-compl-978c1-ld-support-barcode-scanning-Mobile-Safari\video.webm]]

[[ATTACHMENT|test-results\e2e-enhanced-library-compl-978c1-ld-support-barcode-scanning-Mobile-Safari\error-context.md]]
]]>
</system-out>
</testcase>
<testcase name="🏛️ Enhanced Library Management System - Complete Test Suite › 📄 Reports Generation › should display reports interface" classname="e2e\enhanced-library-complete-test.spec.ts" time="12.67">
<failure message="enhanced-library-complete-test.spec.ts:290:5 should display reports interface" type="FAILURE">
<![CDATA[  [Mobile Safari] › e2e\enhanced-library-complete-test.spec.ts:290:5 › 🏛️ Enhanced Library Management System - Complete Test Suite › 📄 Reports Generation › should display reports interface 

    TimeoutError: page.waitForURL: Timeout 10000ms exceeded.
    =========================== logs ===========================
    waiting for navigation to "/dashboard" until "load"
    ============================================================

      17 |
      18 |     // Wait for dashboard to load
    > 19 |     await page.waitForURL('/dashboard', { timeout: 10000 });
         |                ^
      20 |     await page.waitForLoadState('networkidle');
      21 |   });
      22 |
        at C:\Users\jmbar\Desktop\ALL REPOS\Pia_REPOS\CLMS\Frontend\tests\e2e\enhanced-library-complete-test.spec.ts:19:16

    attachment #1: screenshot (image/png) ──────────────────────────────────────────────────────────
    ..\test-results\e2e-enhanced-library-compl-a3904-d-display-reports-interface-Mobile-Safari\test-failed-1.png
    ────────────────────────────────────────────────────────────────────────────────────────────────

    attachment #2: video (video/webm) ──────────────────────────────────────────────────────────────
    ..\test-results\e2e-enhanced-library-compl-a3904-d-display-reports-interface-Mobile-Safari\video.webm
    ────────────────────────────────────────────────────────────────────────────────────────────────

    Error Context: ..\test-results\e2e-enhanced-library-compl-a3904-d-display-reports-interface-Mobile-Safari\error-context.md
]]>
</failure>
<system-out>
<![CDATA[
[[ATTACHMENT|test-results\e2e-enhanced-library-compl-a3904-d-display-reports-interface-Mobile-Safari\test-failed-1.png]]

[[ATTACHMENT|test-results\e2e-enhanced-library-compl-a3904-d-display-reports-interface-Mobile-Safari\video.webm]]

[[ATTACHMENT|test-results\e2e-enhanced-library-compl-a3904-d-display-reports-interface-Mobile-Safari\error-context.md]]
]]>
</system-out>
</testcase>
<testcase name="🏛️ Enhanced Library Management System - Complete Test Suite › 📄 Reports Generation › should support PDF and Excel export" classname="e2e\enhanced-library-complete-test.spec.ts" time="12.445">
<failure message="enhanced-library-complete-test.spec.ts:297:5 should support PDF and Excel export" type="FAILURE">
<![CDATA[  [Mobile Safari] › e2e\enhanced-library-complete-test.spec.ts:297:5 › 🏛️ Enhanced Library Management System - Complete Test Suite › 📄 Reports Generation › should support PDF and Excel export 

    TimeoutError: page.waitForURL: Timeout 10000ms exceeded.
    =========================== logs ===========================
    waiting for navigation to "/dashboard" until "load"
    ============================================================

      17 |
      18 |     // Wait for dashboard to load
    > 19 |     await page.waitForURL('/dashboard', { timeout: 10000 });
         |                ^
      20 |     await page.waitForLoadState('networkidle');
      21 |   });
      22 |
        at C:\Users\jmbar\Desktop\ALL REPOS\Pia_REPOS\CLMS\Frontend\tests\e2e\enhanced-library-complete-test.spec.ts:19:16

    attachment #1: screenshot (image/png) ──────────────────────────────────────────────────────────
    ..\test-results\e2e-enhanced-library-compl-3a497-upport-PDF-and-Excel-export-Mobile-Safari\test-failed-1.png
    ────────────────────────────────────────────────────────────────────────────────────────────────

    attachment #2: video (video/webm) ──────────────────────────────────────────────────────────────
    ..\test-results\e2e-enhanced-library-compl-3a497-upport-PDF-and-Excel-export-Mobile-Safari\video.webm
    ────────────────────────────────────────────────────────────────────────────────────────────────

    Error Context: ..\test-results\e2e-enhanced-library-compl-3a497-upport-PDF-and-Excel-export-Mobile-Safari\error-context.md
]]>
</failure>
<system-out>
<![CDATA[
[[ATTACHMENT|test-results\e2e-enhanced-library-compl-3a497-upport-PDF-and-Excel-export-Mobile-Safari\test-failed-1.png]]

[[ATTACHMENT|test-results\e2e-enhanced-library-compl-3a497-upport-PDF-and-Excel-export-Mobile-Safari\video.webm]]

[[ATTACHMENT|test-results\e2e-enhanced-library-compl-3a497-upport-PDF-and-Excel-export-Mobile-Safari\error-context.md]]
]]>
</system-out>
</testcase>
<testcase name="🏛️ Enhanced Library Management System - Complete Test Suite › 🔧 System Integration › should integrate with existing CLMS features" classname="e2e\enhanced-library-complete-test.spec.ts" time="12.632">
<failure message="enhanced-library-complete-test.spec.ts:304:5 should integrate with existing CLMS features" type="FAILURE">
<![CDATA[  [Mobile Safari] › e2e\enhanced-library-complete-test.spec.ts:304:5 › 🏛️ Enhanced Library Management System - Complete Test Suite › 🔧 System Integration › should integrate with existing CLMS features 

    TimeoutError: page.waitForURL: Timeout 10000ms exceeded.
    =========================== logs ===========================
    waiting for navigation to "/dashboard" until "load"
    ============================================================

      17 |
      18 |     // Wait for dashboard to load
    > 19 |     await page.waitForURL('/dashboard', { timeout: 10000 });
         |                ^
      20 |     await page.waitForLoadState('networkidle');
      21 |   });
      22 |
        at C:\Users\jmbar\Desktop\ALL REPOS\Pia_REPOS\CLMS\Frontend\tests\e2e\enhanced-library-complete-test.spec.ts:19:16

    attachment #1: screenshot (image/png) ──────────────────────────────────────────────────────────
    ..\test-results\e2e-enhanced-library-compl-28e68-with-existing-CLMS-features-Mobile-Safari\test-failed-1.png
    ────────────────────────────────────────────────────────────────────────────────────────────────

    attachment #2: video (video/webm) ──────────────────────────────────────────────────────────────
    ..\test-results\e2e-enhanced-library-compl-28e68-with-existing-CLMS-features-Mobile-Safari\video.webm
    ────────────────────────────────────────────────────────────────────────────────────────────────

    Error Context: ..\test-results\e2e-enhanced-library-compl-28e68-with-existing-CLMS-features-Mobile-Safari\error-context.md
]]>
</failure>
<system-out>
<![CDATA[
[[ATTACHMENT|test-results\e2e-enhanced-library-compl-28e68-with-existing-CLMS-features-Mobile-Safari\test-failed-1.png]]

[[ATTACHMENT|test-results\e2e-enhanced-library-compl-28e68-with-existing-CLMS-features-Mobile-Safari\video.webm]]

[[ATTACHMENT|test-results\e2e-enhanced-library-compl-28e68-with-existing-CLMS-features-Mobile-Safari\error-context.md]]
]]>
</system-out>
</testcase>
<testcase name="🏛️ Enhanced Library Management System - Complete Test Suite › 🔧 System Integration › should maintain consistent navigation" classname="e2e\enhanced-library-complete-test.spec.ts" time="12.89">
<failure message="enhanced-library-complete-test.spec.ts:324:5 should maintain consistent navigation" type="FAILURE">
<![CDATA[  [Mobile Safari] › e2e\enhanced-library-complete-test.spec.ts:324:5 › 🏛️ Enhanced Library Management System - Complete Test Suite › 🔧 System Integration › should maintain consistent navigation 

    TimeoutError: page.waitForURL: Timeout 10000ms exceeded.
    =========================== logs ===========================
    waiting for navigation to "/dashboard" until "load"
    ============================================================

      17 |
      18 |     // Wait for dashboard to load
    > 19 |     await page.waitForURL('/dashboard', { timeout: 10000 });
         |                ^
      20 |     await page.waitForLoadState('networkidle');
      21 |   });
      22 |
        at C:\Users\jmbar\Desktop\ALL REPOS\Pia_REPOS\CLMS\Frontend\tests\e2e\enhanced-library-complete-test.spec.ts:19:16

    attachment #1: screenshot (image/png) ──────────────────────────────────────────────────────────
    ..\test-results\e2e-enhanced-library-compl-47dc6-ntain-consistent-navigation-Mobile-Safari\test-failed-1.png
    ────────────────────────────────────────────────────────────────────────────────────────────────

    attachment #2: video (video/webm) ──────────────────────────────────────────────────────────────
    ..\test-results\e2e-enhanced-library-compl-47dc6-ntain-consistent-navigation-Mobile-Safari\video.webm
    ────────────────────────────────────────────────────────────────────────────────────────────────

    Error Context: ..\test-results\e2e-enhanced-library-compl-47dc6-ntain-consistent-navigation-Mobile-Safari\error-context.md
]]>
</failure>
<system-out>
<![CDATA[
[[ATTACHMENT|test-results\e2e-enhanced-library-compl-47dc6-ntain-consistent-navigation-Mobile-Safari\test-failed-1.png]]

[[ATTACHMENT|test-results\e2e-enhanced-library-compl-47dc6-ntain-consistent-navigation-Mobile-Safari\video.webm]]

[[ATTACHMENT|test-results\e2e-enhanced-library-compl-47dc6-ntain-consistent-navigation-Mobile-Safari\error-context.md]]
]]>
</system-out>
</testcase>
<testcase name="🏛️ Enhanced Library Management System - Complete Test Suite › 🔧 System Integration › should handle API responses correctly" classname="e2e\enhanced-library-complete-test.spec.ts" time="12.779">
<failure message="enhanced-library-complete-test.spec.ts:339:5 should handle API responses correctly" type="FAILURE">
<![CDATA[  [Mobile Safari] › e2e\enhanced-library-complete-test.spec.ts:339:5 › 🏛️ Enhanced Library Management System - Complete Test Suite › 🔧 System Integration › should handle API responses correctly 

    TimeoutError: page.waitForURL: Timeout 10000ms exceeded.
    =========================== logs ===========================
    waiting for navigation to "/dashboard" until "load"
    ============================================================

      17 |
      18 |     // Wait for dashboard to load
    > 19 |     await page.waitForURL('/dashboard', { timeout: 10000 });
         |                ^
      20 |     await page.waitForLoadState('networkidle');
      21 |   });
      22 |
        at C:\Users\jmbar\Desktop\ALL REPOS\Pia_REPOS\CLMS\Frontend\tests\e2e\enhanced-library-complete-test.spec.ts:19:16

    attachment #1: screenshot (image/png) ──────────────────────────────────────────────────────────
    ..\test-results\e2e-enhanced-library-compl-07cfe-dle-API-responses-correctly-Mobile-Safari\test-failed-1.png
    ────────────────────────────────────────────────────────────────────────────────────────────────

    attachment #2: video (video/webm) ──────────────────────────────────────────────────────────────
    ..\test-results\e2e-enhanced-library-compl-07cfe-dle-API-responses-correctly-Mobile-Safari\video.webm
    ────────────────────────────────────────────────────────────────────────────────────────────────

    Error Context: ..\test-results\e2e-enhanced-library-compl-07cfe-dle-API-responses-correctly-Mobile-Safari\error-context.md
]]>
</failure>
<system-out>
<![CDATA[
[[ATTACHMENT|test-results\e2e-enhanced-library-compl-07cfe-dle-API-responses-correctly-Mobile-Safari\test-failed-1.png]]

[[ATTACHMENT|test-results\e2e-enhanced-library-compl-07cfe-dle-API-responses-correctly-Mobile-Safari\video.webm]]

[[ATTACHMENT|test-results\e2e-enhanced-library-compl-07cfe-dle-API-responses-correctly-Mobile-Safari\error-context.md]]
]]>
</system-out>
</testcase>
<testcase name="🏛️ Enhanced Library Management System - Complete Test Suite › 📱 Mobile Responsiveness › should work on mobile devices" classname="e2e\enhanced-library-complete-test.spec.ts" time="12.474">
<failure message="enhanced-library-complete-test.spec.ts:355:5 should work on mobile devices" type="FAILURE">
<![CDATA[  [Mobile Safari] › e2e\enhanced-library-complete-test.spec.ts:355:5 › 🏛️ Enhanced Library Management System - Complete Test Suite › 📱 Mobile Responsiveness › should work on mobile devices 

    TimeoutError: page.waitForURL: Timeout 10000ms exceeded.
    =========================== logs ===========================
    waiting for navigation to "/dashboard" until "load"
    ============================================================

      17 |
      18 |     // Wait for dashboard to load
    > 19 |     await page.waitForURL('/dashboard', { timeout: 10000 });
         |                ^
      20 |     await page.waitForLoadState('networkidle');
      21 |   });
      22 |
        at C:\Users\jmbar\Desktop\ALL REPOS\Pia_REPOS\CLMS\Frontend\tests\e2e\enhanced-library-complete-test.spec.ts:19:16

    attachment #1: screenshot (image/png) ──────────────────────────────────────────────────────────
    ..\test-results\e2e-enhanced-library-compl-97622-ould-work-on-mobile-devices-Mobile-Safari\test-failed-1.png
    ────────────────────────────────────────────────────────────────────────────────────────────────

    attachment #2: video (video/webm) ──────────────────────────────────────────────────────────────
    ..\test-results\e2e-enhanced-library-compl-97622-ould-work-on-mobile-devices-Mobile-Safari\video.webm
    ────────────────────────────────────────────────────────────────────────────────────────────────

    Error Context: ..\test-results\e2e-enhanced-library-compl-97622-ould-work-on-mobile-devices-Mobile-Safari\error-context.md
]]>
</failure>
<system-out>
<![CDATA[
[[ATTACHMENT|test-results\e2e-enhanced-library-compl-97622-ould-work-on-mobile-devices-Mobile-Safari\test-failed-1.png]]

[[ATTACHMENT|test-results\e2e-enhanced-library-compl-97622-ould-work-on-mobile-devices-Mobile-Safari\video.webm]]

[[ATTACHMENT|test-results\e2e-enhanced-library-compl-97622-ould-work-on-mobile-devices-Mobile-Safari\error-context.md]]
]]>
</system-out>
</testcase>
</testsuite>
</testsuites>