src/routes/attendanceExport.ts(272,9): error TS2345: Argument of type '(ProcessedAttendanceRecord | ProcessedBorrowingRecord)[]' is not assignable to parameter of type 'ProcessedAttendanceRecord[]'.
  Type 'ProcessedAttendanceRecord | ProcessedBorrowingRecord' is not assignable to type 'ProcessedAttendanceRecord'.
    Property 'activityType' is missing in type 'ProcessedBorrowingRecord' but required in type 'ProcessedAttendanceRecord'.
src/services/scanExportService.ts(134,54): error TS2554: Expected 1 arguments, but got 3.
